<?xml version="1.0" encoding="UTF-8"?>
<!-- Generated by org.testng.reporters.JUnitXMLReporter -->
<testsuite hostname="Gurman" failures="0" tests="3" name="Test" time="0.232" errors="0" timestamp="4 Jun 2022 04:07:43 GMT">
  <testcase classname="TestRunner.PHP_Travels" name="@BeforeClass LunchBrowser" time="0.0">
    <failure type="java.lang.IllegalStateException" message="The driver executable does not exist: C:\Users\a\Downloads\Batch23TestNgClass-main (2)\Batch23TestNgClass-main\src\test\resources\Drivers\chromedriver.exe">
      <![CDATA[java.lang.IllegalStateException: The driver executable does not exist: C:\Users\a\Downloads\Batch23TestNgClass-main (2)\Batch23TestNgClass-main\src\test\resources\Drivers\chromedriver.exe
	at com.google.common.base.Preconditions.checkState(Preconditions.java:585)
	at org.openqa.selenium.remote.service.DriverService.checkExecutable(DriverService.java:137)
	at org.openqa.selenium.remote.service.DriverService.findExecutable(DriverService.java:132)
	at org.openqa.selenium.chrome.ChromeDriverService.access$000(ChromeDriverService.java:35)
	at org.openqa.selenium.chrome.ChromeDriverService$Builder.findDefaultExecutable(ChromeDriverService.java:156)
	at org.openqa.selenium.remote.service.DriverService$Builder.build(DriverService.java:346)
	at org.openqa.selenium.chrome.ChromeDriverService.createDefaultService(ChromeDriverService.java:91)
	at org.openqa.selenium.chrome.ChromeDriver.<init>(ChromeDriver.java:123)
	at BaseRunner.BaseClass.LunchBrowser(BaseClass.java:80)
... Removed 24 stack frames]]>
    </failure>
  </testcase>
  <testcase classname="TestRunner.PHP_Travels" name="signUpTest" time="0.001">
    <skipped/>
  </testcase>
  <testcase classname="TestRunner.PHP_Travels" name="loginTest" time="0.001">
    <skipped/>
  </testcase>
  <testcase classname="TestRunner.PHP_Travels" name="pricingBtnDemo" time="0.001">
    <skipped/>
  </testcase>
</testsuite>
